C:\Users\silva\AgroSim\Exemplo 7\Debug\cl.command.1.tlog
C:\Users\silva\AgroSim\Exemplo 7\Debug\CL.read.1.tlog
C:\Users\silva\AgroSim\Exemplo 7\Debug\CL.write.1.tlog
C:\USERS\SILVA\AGROSIM\EXEMPLO 7\DEBUG\CVRANIM.OBJ
C:\USERS\SILVA\AGROSIM\EXEMPLO 7\DEBUG\CVRAOI.OBJ
C:\USERS\SILVA\AGROSIM\EXEMPLO 7\DEBUG\CVRBILLBOARD.OBJ
C:\USERS\SILVA\AGROSIM\EXEMPLO 7\DEBUG\CVRBOUNDINGBOX.OBJ
C:\USERS\SILVA\AGROSIM\EXEMPLO 7\DEBUG\CVRBOUNDINGSPHERE.OBJ
C:\USERS\SILVA\AGROSIM\EXEMPLO 7\DEBUG\CVRCOLLISIONMANAGER.OBJ
C:\USERS\SILVA\AGROSIM\EXEMPLO 7\DEBUG\CVRFONT.OBJ
C:\USERS\SILVA\AGROSIM\EXEMPLO 7\DEBUG\CVRFORCEFEEDBACKMANAGER.OBJ
C:\USERS\SILVA\AGROSIM\EXEMPLO 7\DEBUG\CVRGRAPHICSMANAGER.OBJ
C:\USERS\SILVA\AGROSIM\EXEMPLO 7\DEBUG\CVRIMAGE.OBJ
C:\USERS\SILVA\AGROSIM\EXEMPLO 7\DEBUG\CVRINPUTMANAGER.OBJ
C:\USERS\SILVA\AGROSIM\EXEMPLO 7\DEBUG\CVRJOYSTICK.OBJ
C:\USERS\SILVA\AGROSIM\EXEMPLO 7\DEBUG\CVRLISTENER.OBJ
C:\USERS\SILVA\AGROSIM\EXEMPLO 7\DEBUG\CVRLOADINGBAR.OBJ
C:\USERS\SILVA\AGROSIM\EXEMPLO 7\DEBUG\CVRLOG.OBJ
C:\USERS\SILVA\AGROSIM\EXEMPLO 7\DEBUG\CVRMANAGER.OBJ
C:\USERS\SILVA\AGROSIM\EXEMPLO 7\DEBUG\CVRMATH.OBJ
C:\USERS\SILVA\AGROSIM\EXEMPLO 7\DEBUG\CVRMD2.OBJ
C:\USERS\SILVA\AGROSIM\EXEMPLO 7\DEBUG\CVRMUSIC.OBJ
C:\USERS\SILVA\AGROSIM\EXEMPLO 7\DEBUG\CVROBJECT.OBJ
C:\USERS\SILVA\AGROSIM\EXEMPLO 7\DEBUG\CVROBJECT2D.OBJ
C:\USERS\SILVA\AGROSIM\EXEMPLO 7\DEBUG\CVROBJECT3D.OBJ
C:\USERS\SILVA\AGROSIM\EXEMPLO 7\DEBUG\CVROBJGENERIC.OBJ
C:\USERS\SILVA\AGROSIM\EXEMPLO 7\DEBUG\CVROBJLOADER.OBJ
C:\USERS\SILVA\AGROSIM\EXEMPLO 7\DEBUG\CVRQUAD.OBJ
C:\USERS\SILVA\AGROSIM\EXEMPLO 7\DEBUG\CVRSCENE.OBJ
C:\USERS\SILVA\AGROSIM\EXEMPLO 7\DEBUG\CVRSKYBOX.OBJ
C:\USERS\SILVA\AGROSIM\EXEMPLO 7\DEBUG\CVRSKYSPHERE.OBJ
C:\USERS\SILVA\AGROSIM\EXEMPLO 7\DEBUG\CVRSOUND.OBJ
C:\USERS\SILVA\AGROSIM\EXEMPLO 7\DEBUG\CVRSOUNDMANAGER.OBJ
C:\USERS\SILVA\AGROSIM\EXEMPLO 7\DEBUG\CVRSPRITE.OBJ
C:\USERS\SILVA\AGROSIM\EXEMPLO 7\DEBUG\CVRSTDINPUT.OBJ
C:\USERS\SILVA\AGROSIM\EXEMPLO 7\DEBUG\CVRSTRUCTEFFECT.OBJ
C:\USERS\SILVA\AGROSIM\EXEMPLO 7\DEBUG\CVRTERRAIN.OBJ
C:\USERS\SILVA\AGROSIM\EXEMPLO 7\DEBUG\CVRTIMEMANAGER.OBJ
C:\USERS\SILVA\AGROSIM\EXEMPLO 7\DEBUG\CVRTIMER.OBJ
C:\USERS\SILVA\AGROSIM\EXEMPLO 7\DEBUG\CVRVECTOR.OBJ
C:\USERS\SILVA\AGROSIM\EXEMPLO 7\DEBUG\CVRVIEW.OBJ
C:\USERS\SILVA\AGROSIM\EXEMPLO 7\DEBUG\CVRWINDOW.OBJ
C:\USERS\SILVA\AGROSIM\EXEMPLO 7\DEBUG\EXEMPLO 7.EXE
C:\USERS\SILVA\AGROSIM\EXEMPLO 7\DEBUG\EXEMPLO 7.EXE.EMBED.MANIFEST
C:\USERS\SILVA\AGROSIM\EXEMPLO 7\DEBUG\EXEMPLO 7.EXE.EMBED.MANIFEST.RES
C:\USERS\SILVA\AGROSIM\EXEMPLO 7\DEBUG\EXEMPLO 7.EXE.INTERMEDIATE.MANIFEST
C:\USERS\SILVA\AGROSIM\EXEMPLO 7\DEBUG\EXEMPLO 7.ILK
C:\USERS\SILVA\AGROSIM\EXEMPLO 7\DEBUG\EXEMPLO 7.PDB
C:\Users\silva\AgroSim\Exemplo 7\Debug\Exemplo 7.write.1.tlog
C:\Users\silva\AgroSim\Exemplo 7\Debug\Exemplo 7_manifest.rc
C:\Users\silva\AgroSim\Exemplo 7\Debug\link.4656.read.1.tlog
C:\Users\silva\AgroSim\Exemplo 7\Debug\link.4656.write.1.tlog
C:\Users\silva\AgroSim\Exemplo 7\Debug\link.4656-cvtres.read.1.tlog
C:\Users\silva\AgroSim\Exemplo 7\Debug\link.4656-cvtres.write.1.tlog
C:\Users\silva\AgroSim\Exemplo 7\Debug\link.7020.read.1.tlog
C:\Users\silva\AgroSim\Exemplo 7\Debug\link.7020.write.1.tlog
C:\Users\silva\AgroSim\Exemplo 7\Debug\link.7020-cvtres.read.1.tlog
C:\Users\silva\AgroSim\Exemplo 7\Debug\link.7020-cvtres.write.1.tlog
C:\Users\silva\AgroSim\Exemplo 7\Debug\link.command.1.tlog
C:\Users\silva\AgroSim\Exemplo 7\Debug\link.read.1.tlog
C:\Users\silva\AgroSim\Exemplo 7\Debug\link.write.1.tlog
C:\Users\silva\AgroSim\Exemplo 7\Debug\link-cvtres.read.1.tlog
C:\Users\silva\AgroSim\Exemplo 7\Debug\link-cvtres.write.1.tlog
C:\USERS\SILVA\AGROSIM\EXEMPLO 7\DEBUG\MAIN.OBJ
C:\Users\silva\AgroSim\Exemplo 7\Debug\mt.command.1.tlog
C:\Users\silva\AgroSim\Exemplo 7\Debug\mt.read.1.tlog
C:\Users\silva\AgroSim\Exemplo 7\Debug\mt.write.1.tlog
C:\Users\silva\AgroSim\Exemplo 7\Debug\rc.command.1.tlog
C:\Users\silva\AgroSim\Exemplo 7\Debug\rc.read.1.tlog
C:\Users\silva\AgroSim\Exemplo 7\Debug\rc.write.1.tlog
C:\USERS\SILVA\AGROSIM\EXEMPLO 7\DEBUG\SCENEGAME.OBJ
C:\USERS\SILVA\AGROSIM\EXEMPLO 7\DEBUG\SCENELOGO.OBJ
C:\USERS\SILVA\AGROSIM\EXEMPLO 7\DEBUG\SCENEMENU.OBJ
C:\Users\silva\AgroSim\Exemplo 7\Debug\vc100.idb
C:\USERS\SILVA\AGROSIM\EXEMPLO 7\DEBUG\VC100.PDB
