C:\ArquivosOneDrive\OneDrive - a.catolica-to.edu.br\PROJETO DE PESQUISA\AgroSim\Exemplo 7\Release\cl.command.1.tlog
C:\ArquivosOneDrive\OneDrive - a.catolica-to.edu.br\PROJETO DE PESQUISA\AgroSim\Exemplo 7\Release\CL.read.1.tlog
C:\ArquivosOneDrive\OneDrive - a.catolica-to.edu.br\PROJETO DE PESQUISA\AgroSim\Exemplo 7\Release\CL.write.1.tlog
C:\ARQUIVOSONEDRIVE\ONEDRIVE - A.CATOLICA-TO.EDU.BR\PROJETO DE PESQUISA\AGROSIM\EXEMPLO 7\RELEASE\CVRANIM.OBJ
C:\ARQUIVOSONEDRIVE\ONEDRIVE - A.CATOLICA-TO.EDU.BR\PROJETO DE PESQUISA\AGROSIM\EXEMPLO 7\RELEASE\CVRAOI.OBJ
C:\ARQUIVOSONEDRIVE\ONEDRIVE - A.CATOLICA-TO.EDU.BR\PROJETO DE PESQUISA\AGROSIM\EXEMPLO 7\RELEASE\CVRBILLBOARD.OBJ
C:\ARQUIVOSONEDRIVE\ONEDRIVE - A.CATOLICA-TO.EDU.BR\PROJETO DE PESQUISA\AGROSIM\EXEMPLO 7\RELEASE\CVRBOUNDINGBOX.OBJ
C:\ARQUIVOSONEDRIVE\ONEDRIVE - A.CATOLICA-TO.EDU.BR\PROJETO DE PESQUISA\AGROSIM\EXEMPLO 7\RELEASE\CVRBOUNDINGSPHERE.OBJ
C:\ARQUIVOSONEDRIVE\ONEDRIVE - A.CATOLICA-TO.EDU.BR\PROJETO DE PESQUISA\AGROSIM\EXEMPLO 7\RELEASE\CVRCOLLISIONMANAGER.OBJ
C:\ARQUIVOSONEDRIVE\ONEDRIVE - A.CATOLICA-TO.EDU.BR\PROJETO DE PESQUISA\AGROSIM\EXEMPLO 7\RELEASE\CVRFONT.OBJ
C:\ARQUIVOSONEDRIVE\ONEDRIVE - A.CATOLICA-TO.EDU.BR\PROJETO DE PESQUISA\AGROSIM\EXEMPLO 7\RELEASE\CVRFORCEFEEDBACKMANAGER.OBJ
C:\ARQUIVOSONEDRIVE\ONEDRIVE - A.CATOLICA-TO.EDU.BR\PROJETO DE PESQUISA\AGROSIM\EXEMPLO 7\RELEASE\CVRGRAPHICSMANAGER.OBJ
C:\ARQUIVOSONEDRIVE\ONEDRIVE - A.CATOLICA-TO.EDU.BR\PROJETO DE PESQUISA\AGROSIM\EXEMPLO 7\RELEASE\CVRIMAGE.OBJ
C:\ARQUIVOSONEDRIVE\ONEDRIVE - A.CATOLICA-TO.EDU.BR\PROJETO DE PESQUISA\AGROSIM\EXEMPLO 7\RELEASE\CVRINPUTMANAGER.OBJ
C:\ARQUIVOSONEDRIVE\ONEDRIVE - A.CATOLICA-TO.EDU.BR\PROJETO DE PESQUISA\AGROSIM\EXEMPLO 7\RELEASE\CVRJOYSTICK.OBJ
C:\ARQUIVOSONEDRIVE\ONEDRIVE - A.CATOLICA-TO.EDU.BR\PROJETO DE PESQUISA\AGROSIM\EXEMPLO 7\RELEASE\CVRLISTENER.OBJ
C:\ARQUIVOSONEDRIVE\ONEDRIVE - A.CATOLICA-TO.EDU.BR\PROJETO DE PESQUISA\AGROSIM\EXEMPLO 7\RELEASE\CVRLOADINGBAR.OBJ
C:\ARQUIVOSONEDRIVE\ONEDRIVE - A.CATOLICA-TO.EDU.BR\PROJETO DE PESQUISA\AGROSIM\EXEMPLO 7\RELEASE\CVRLOG.OBJ
C:\ARQUIVOSONEDRIVE\ONEDRIVE - A.CATOLICA-TO.EDU.BR\PROJETO DE PESQUISA\AGROSIM\EXEMPLO 7\RELEASE\CVRMANAGER.OBJ
C:\ARQUIVOSONEDRIVE\ONEDRIVE - A.CATOLICA-TO.EDU.BR\PROJETO DE PESQUISA\AGROSIM\EXEMPLO 7\RELEASE\CVRMATH.OBJ
C:\ARQUIVOSONEDRIVE\ONEDRIVE - A.CATOLICA-TO.EDU.BR\PROJETO DE PESQUISA\AGROSIM\EXEMPLO 7\RELEASE\CVRMD2.OBJ
C:\ARQUIVOSONEDRIVE\ONEDRIVE - A.CATOLICA-TO.EDU.BR\PROJETO DE PESQUISA\AGROSIM\EXEMPLO 7\RELEASE\CVRMUSIC.OBJ
C:\ARQUIVOSONEDRIVE\ONEDRIVE - A.CATOLICA-TO.EDU.BR\PROJETO DE PESQUISA\AGROSIM\EXEMPLO 7\RELEASE\CVROBJECT.OBJ
C:\ARQUIVOSONEDRIVE\ONEDRIVE - A.CATOLICA-TO.EDU.BR\PROJETO DE PESQUISA\AGROSIM\EXEMPLO 7\RELEASE\CVROBJECT2D.OBJ
C:\ARQUIVOSONEDRIVE\ONEDRIVE - A.CATOLICA-TO.EDU.BR\PROJETO DE PESQUISA\AGROSIM\EXEMPLO 7\RELEASE\CVROBJECT3D.OBJ
C:\ARQUIVOSONEDRIVE\ONEDRIVE - A.CATOLICA-TO.EDU.BR\PROJETO DE PESQUISA\AGROSIM\EXEMPLO 7\RELEASE\CVROBJGENERIC.OBJ
C:\ARQUIVOSONEDRIVE\ONEDRIVE - A.CATOLICA-TO.EDU.BR\PROJETO DE PESQUISA\AGROSIM\EXEMPLO 7\RELEASE\CVROBJLOADER.OBJ
C:\ARQUIVOSONEDRIVE\ONEDRIVE - A.CATOLICA-TO.EDU.BR\PROJETO DE PESQUISA\AGROSIM\EXEMPLO 7\RELEASE\CVRQUAD.OBJ
C:\ARQUIVOSONEDRIVE\ONEDRIVE - A.CATOLICA-TO.EDU.BR\PROJETO DE PESQUISA\AGROSIM\EXEMPLO 7\RELEASE\CVRSCENE.OBJ
C:\ARQUIVOSONEDRIVE\ONEDRIVE - A.CATOLICA-TO.EDU.BR\PROJETO DE PESQUISA\AGROSIM\EXEMPLO 7\RELEASE\CVRSKYBOX.OBJ
C:\ARQUIVOSONEDRIVE\ONEDRIVE - A.CATOLICA-TO.EDU.BR\PROJETO DE PESQUISA\AGROSIM\EXEMPLO 7\RELEASE\CVRSKYSPHERE.OBJ
C:\ARQUIVOSONEDRIVE\ONEDRIVE - A.CATOLICA-TO.EDU.BR\PROJETO DE PESQUISA\AGROSIM\EXEMPLO 7\RELEASE\CVRSOUND.OBJ
C:\ARQUIVOSONEDRIVE\ONEDRIVE - A.CATOLICA-TO.EDU.BR\PROJETO DE PESQUISA\AGROSIM\EXEMPLO 7\RELEASE\CVRSOUNDMANAGER.OBJ
C:\ARQUIVOSONEDRIVE\ONEDRIVE - A.CATOLICA-TO.EDU.BR\PROJETO DE PESQUISA\AGROSIM\EXEMPLO 7\RELEASE\CVRSPRITE.OBJ
C:\ARQUIVOSONEDRIVE\ONEDRIVE - A.CATOLICA-TO.EDU.BR\PROJETO DE PESQUISA\AGROSIM\EXEMPLO 7\RELEASE\CVRSTDINPUT.OBJ
C:\ARQUIVOSONEDRIVE\ONEDRIVE - A.CATOLICA-TO.EDU.BR\PROJETO DE PESQUISA\AGROSIM\EXEMPLO 7\RELEASE\CVRSTRUCTEFFECT.OBJ
C:\ARQUIVOSONEDRIVE\ONEDRIVE - A.CATOLICA-TO.EDU.BR\PROJETO DE PESQUISA\AGROSIM\EXEMPLO 7\RELEASE\CVRTERRAIN.OBJ
C:\ARQUIVOSONEDRIVE\ONEDRIVE - A.CATOLICA-TO.EDU.BR\PROJETO DE PESQUISA\AGROSIM\EXEMPLO 7\RELEASE\CVRTIMEMANAGER.OBJ
C:\ARQUIVOSONEDRIVE\ONEDRIVE - A.CATOLICA-TO.EDU.BR\PROJETO DE PESQUISA\AGROSIM\EXEMPLO 7\RELEASE\CVRTIMER.OBJ
C:\ARQUIVOSONEDRIVE\ONEDRIVE - A.CATOLICA-TO.EDU.BR\PROJETO DE PESQUISA\AGROSIM\EXEMPLO 7\RELEASE\CVRVECTOR.OBJ
C:\ARQUIVOSONEDRIVE\ONEDRIVE - A.CATOLICA-TO.EDU.BR\PROJETO DE PESQUISA\AGROSIM\EXEMPLO 7\RELEASE\CVRVIEW.OBJ
C:\ARQUIVOSONEDRIVE\ONEDRIVE - A.CATOLICA-TO.EDU.BR\PROJETO DE PESQUISA\AGROSIM\EXEMPLO 7\RELEASE\CVRWINDOW.OBJ
C:\ArquivosOneDrive\OneDrive - a.catolica-to.edu.br\PROJETO DE PESQUISA\AgroSim\Exemplo 7\Release\Exemplo 7.vcxprojResolveAssemblyReference.cache
C:\ArquivosOneDrive\OneDrive - a.catolica-to.edu.br\PROJETO DE PESQUISA\AgroSim\Exemplo 7\Release\Exemplo 7.write.1.tlog
C:\ArquivosOneDrive\OneDrive - a.catolica-to.edu.br\PROJETO DE PESQUISA\AgroSim\Exemplo 7\Release\Main.obj
C:\ArquivosOneDrive\OneDrive - a.catolica-to.edu.br\PROJETO DE PESQUISA\AgroSim\Exemplo 7\Release\SceneConfig.obj
C:\ArquivosOneDrive\OneDrive - a.catolica-to.edu.br\PROJETO DE PESQUISA\AgroSim\Exemplo 7\Release\SceneGame.obj
C:\ARQUIVOSONEDRIVE\ONEDRIVE - A.CATOLICA-TO.EDU.BR\PROJETO DE PESQUISA\AGROSIM\EXEMPLO 7\RELEASE\SCENELOGO.OBJ
C:\ARQUIVOSONEDRIVE\ONEDRIVE - A.CATOLICA-TO.EDU.BR\PROJETO DE PESQUISA\AGROSIM\EXEMPLO 7\RELEASE\SCENEMENU.OBJ
C:\ARQUIVOSONEDRIVE\ONEDRIVE - A.CATOLICA-TO.EDU.BR\PROJETO DE PESQUISA\AGROSIM\EXEMPLO 7\RELEASE\SCENESOBRE.OBJ
C:\ArquivosOneDrive\OneDrive - a.catolica-to.edu.br\PROJETO DE PESQUISA\AgroSim\Exemplo 7\Release\vc100.pdb
